<?xml version="1.0" encoding="UTF-8"?>
<testsuite name="com.network.common.protocol.FrameCodecTest" tests="7" skipped="0" failures="0" errors="0" timestamp="2026-02-05T12:33:18" hostname="MacBook-Air.local" time="0.035">
  <properties/>
  <testcase name="encodeAndDecode_multipleFramesSequential()" classname="com.network.common.protocol.FrameCodecTest" time="0.028"/>
  <testcase name="encodeAndDecode_nullBody()" classname="com.network.common.protocol.FrameCodecTest" time="0.002"/>
  <testcase name="encode_invalidCorrelationIdLength_throws()" classname="com.network.common.protocol.FrameCodecTest" time="0.002"/>
  <testcase name="encode_lengthField_isCorrect()" classname="com.network.common.protocol.FrameCodecTest" time="0.0"/>
  <testcase name="encodeAndDecode_emptyBody()" classname="com.network.common.protocol.FrameCodecTest" time="0.0"/>
  <testcase name="encodeAndDecode_allMessageTypes()" classname="com.network.common.protocol.FrameCodecTest" time="0.001"/>
  <testcase name="encodeAndDecode_roundTrip()" classname="com.network.common.protocol.FrameCodecTest" time="0.0"/>
  <system-out><![CDATA[]]></system-out>
  <system-err><![CDATA[]]></system-err>
</testsuite>
